0 info it worked if it ends with ok
1 verbose cli [ '/Users/Eddie/.nvm/versions/node/v6.11.1/bin/node',
1 verbose cli   '/Users/Eddie/.nvm/versions/node/v6.11.1/bin/npm',
1 verbose cli   'run',
1 verbose cli   'test' ]
2 info using npm@3.10.10
3 info using node@v6.11.1
4 verbose run-script [ 'pretest', 'test', 'posttest' ]
5 info lifecycle giggle1.2@1.0.0~pretest: giggle1.2@1.0.0
6 silly lifecycle giggle1.2@1.0.0~pretest: no script for pretest, continuing
7 info lifecycle giggle1.2@1.0.0~test: giggle1.2@1.0.0
8 verbose lifecycle giggle1.2@1.0.0~test: unsafe-perm in lifecycle true
9 verbose lifecycle giggle1.2@1.0.0~test: PATH: /Users/Eddie/.nvm/versions/node/v6.11.1/lib/node_modules/npm/bin/node-gyp-bin:/Users/Eddie/dev-tools/stand-alone-chat-feature/node/node_modules/.bin:/Users/Eddie/.rvm/gems/ruby-2.4.0/bin:/Users/Eddie/.rvm/gems/ruby-2.4.0@global/bin:/Users/Eddie/.rvm/rubies/ruby-2.4.0/bin:/Users/Eddie/.nvm/versions/node/v6.11.1/bin:/usr/local/bin:/usr/bin:/bin:/usr/sbin:/sbin:/Applications/Wireshark.app/Contents/MacOS:/Users/Eddie/.rvm/gems/ruby-2.4.0/bin:/Users/Eddie/.rvm/gems/ruby-2.4.0@global/bin:/Users/Eddie/.rvm/rubies/ruby-2.4.0/bin:/Users/Eddie/.rvm/bin
10 verbose lifecycle giggle1.2@1.0.0~test: CWD: /Users/Eddie/dev-tools/stand-alone-chat-feature/node
11 silly lifecycle giggle1.2@1.0.0~test: Args: [ '-c', 'DEBUG=\'waffle*\' mocha --timeout 10000' ]
12 silly lifecycle giggle1.2@1.0.0~test: Returned: code: 1  signal: null
13 info lifecycle giggle1.2@1.0.0~test: Failed to exec test script
14 verbose stack Error: giggle1.2@1.0.0 test: `DEBUG='waffle*' mocha --timeout 10000`
14 verbose stack Exit status 1
14 verbose stack     at EventEmitter.<anonymous> (/Users/Eddie/.nvm/versions/node/v6.11.1/lib/node_modules/npm/lib/utils/lifecycle.js:255:16)
14 verbose stack     at emitTwo (events.js:106:13)
14 verbose stack     at EventEmitter.emit (events.js:191:7)
14 verbose stack     at ChildProcess.<anonymous> (/Users/Eddie/.nvm/versions/node/v6.11.1/lib/node_modules/npm/lib/utils/spawn.js:40:14)
14 verbose stack     at emitTwo (events.js:106:13)
14 verbose stack     at ChildProcess.emit (events.js:191:7)
14 verbose stack     at maybeClose (internal/child_process.js:891:16)
14 verbose stack     at Process.ChildProcess._handle.onexit (internal/child_process.js:226:5)
15 verbose pkgid giggle1.2@1.0.0
16 verbose cwd /Users/Eddie/dev-tools/stand-alone-chat-feature/node
17 error Darwin 16.7.0
18 error argv "/Users/Eddie/.nvm/versions/node/v6.11.1/bin/node" "/Users/Eddie/.nvm/versions/node/v6.11.1/bin/npm" "run" "test"
19 error node v6.11.1
20 error npm  v3.10.10
21 error code ELIFECYCLE
22 error giggle1.2@1.0.0 test: `DEBUG='waffle*' mocha --timeout 10000`
22 error Exit status 1
23 error Failed at the giggle1.2@1.0.0 test script 'DEBUG='waffle*' mocha --timeout 10000'.
23 error Make sure you have the latest version of node.js and npm installed.
23 error If you do, this is most likely a problem with the giggle1.2 package,
23 error not with npm itself.
23 error Tell the author that this fails on your system:
23 error     DEBUG='waffle*' mocha --timeout 10000
23 error You can get information on how to open an issue for this project with:
23 error     npm bugs giggle1.2
23 error Or if that isn't available, you can get their info via:
23 error     npm owner ls giggle1.2
23 error There is likely additional logging output above.
24 verbose exit [ 1, true ]
